<?xml version="1.0" encoding="UTF-8"?>
<!-- Generated by org.testng.reporters.JUnitXMLReporter -->
<testsuite hostname="Medrano-PC" ignored="0" name="Unit Tests" tests="3" failures="0" timestamp="09 Jan 2018 04:44:51 GMT" time="7.805" errors="0">
  <testcase name="validateGender" time="4.352" classname="TestCases.FirstTestCase"/>
  <testcase name="validateGender" time="2.03" classname="TestCases.SecondTestCase"/>
  <testcase name="validateGender" time="1.407" classname="TestCases.ThirdTestCase"/>
</testsuite> <!-- Unit Tests -->
