<?xml version="1.0" encoding="UTF-8"?>
<testsuite xmlns:xsi="http://www.w3.org/2001/XMLSchema-instance" xsi:noNamespaceSchemaLocation="https://maven.apache.org/surefire/maven-surefire-plugin/xsd/surefire-test-report.xsd" name="TestSuite" time="8.819" tests="3" errors="0" skipped="0" failures="0">
  <properties>
[...]
</properties>
  <testcase name="validateGender" classname="TestCases.FirstTestCase" time="4.352"/>
  <testcase name="validateGender" classname="TestCases.SecondTestCase" time="2.015"/>
  <testcase name="validateGender" classname="TestCases.ThirdTestCase" time="1.422"/>
</testsuite>